/home/docker/ws/src/nturt_ros/gps_tracker/install/gps_tracker/lib/python3.10/site-packages/gps_tracker/gps_pub_test_Newest.py
/home/docker/ws/src/nturt_ros/gps_tracker/install/gps_tracker/lib/python3.10/site-packages/gps_tracker/__init__.py
/home/docker/ws/src/nturt_ros/gps_tracker/install/gps_tracker/lib/python3.10/site-packages/gps_tracker/test_csv_dashboard.py
/home/docker/ws/src/nturt_ros/gps_tracker/install/gps_tracker/lib/python3.10/site-packages/gps_tracker/test.py
/home/docker/ws/src/nturt_ros/gps_tracker/install/gps_tracker/lib/python3.10/site-packages/gps_tracker/gps_visualizer_node.py
/home/docker/ws/src/nturt_ros/gps_tracker/install/gps_tracker/lib/python3.10/site-packages/gps_tracker/gps_test_publisher.py
/home/docker/ws/src/nturt_ros/gps_tracker/install/gps_tracker/lib/python3.10/site-packages/gps_tracker/gps_rec_with_csv.py
/home/docker/ws/src/nturt_ros/gps_tracker/install/gps_tracker/lib/python3.10/site-packages/gps_tracker/check_csv.py
/home/docker/ws/src/nturt_ros/gps_tracker/install/gps_tracker/lib/python3.10/site-packages/gps_tracker/gps_nmea_logger.py
/home/docker/ws/src/nturt_ros/gps_tracker/install/gps_tracker/lib/python3.10/site-packages/gps_tracker/checksum_utils.py
/home/docker/ws/src/nturt_ros/gps_tracker/install/gps_tracker/lib/python3.10/site-packages/gps_tracker/gps_animate.py
/home/docker/ws/src/nturt_ros/gps_tracker/install/gps_tracker/lib/python3.10/site-packages/gps_tracker/gps_can_rec.py
/home/docker/ws/src/nturt_ros/gps_tracker/install/gps_tracker/lib/python3.10/site-packages/gps_tracker/gps_google_map.py
/home/docker/ws/src/nturt_ros/gps_tracker/install/gps_tracker/lib/python3.10/site-packages/gps_tracker/gps_csv_logger.py
/home/docker/ws/src/nturt_ros/gps_tracker/install/gps_tracker/lib/python3.10/site-packages/gps_tracker/nmea_ntrip_driver.py
/home/docker/ws/src/nturt_ros/gps_tracker/install/gps_tracker/lib/python3.10/site-packages/gps_tracker/gps_animate_imd.py
/home/docker/ws/src/nturt_ros/gps_tracker/install/gps_tracker/lib/python3.10/site-packages/gps_tracker/gps_can_pub.py
/home/docker/ws/src/nturt_ros/gps_tracker/install/gps_tracker/lib/python3.10/site-packages/gps_tracker/gps_can_pub_Newest.py
/home/docker/ws/src/nturt_ros/gps_tracker/install/gps_tracker/lib/python3.10/site-packages/gps_tracker/gps_logger_node.py
/home/docker/ws/src/nturt_ros/gps_tracker/install/gps_tracker/lib/python3.10/site-packages/gps_tracker/timer_can_pub.py
/home/docker/ws/src/nturt_ros/gps_tracker/install/gps_tracker/lib/python3.10/site-packages/gps_tracker/gps_can_pub_newEncode.py
/home/docker/ws/src/nturt_ros/gps_tracker/install/gps_tracker/lib/python3.10/site-packages/gps_tracker/can_test_publisher.py
/home/docker/ws/src/nturt_ros/gps_tracker/install/gps_tracker/lib/python3.10/site-packages/gps_tracker/driver.py
/home/docker/ws/src/nturt_ros/gps_tracker/install/gps_tracker/lib/python3.10/site-packages/gps_tracker/parser.py
/home/docker/ws/src/nturt_ros/gps_tracker/install/gps_tracker/lib/python3.10/site-packages/gps_tracker/system_test_publisher.py
/home/docker/ws/src/nturt_ros/gps_tracker/install/gps_tracker/lib/python3.10/site-packages/gps_tracker/__pycache__/gps_pub_test_Newest.cpython-310.pyc
/home/docker/ws/src/nturt_ros/gps_tracker/install/gps_tracker/lib/python3.10/site-packages/gps_tracker/__pycache__/__init__.cpython-310.pyc
/home/docker/ws/src/nturt_ros/gps_tracker/install/gps_tracker/lib/python3.10/site-packages/gps_tracker/__pycache__/test_csv_dashboard.cpython-310.pyc
/home/docker/ws/src/nturt_ros/gps_tracker/install/gps_tracker/lib/python3.10/site-packages/gps_tracker/__pycache__/test.cpython-310.pyc
/home/docker/ws/src/nturt_ros/gps_tracker/install/gps_tracker/lib/python3.10/site-packages/gps_tracker/__pycache__/gps_visualizer_node.cpython-310.pyc
/home/docker/ws/src/nturt_ros/gps_tracker/install/gps_tracker/lib/python3.10/site-packages/gps_tracker/__pycache__/gps_test_publisher.cpython-310.pyc
/home/docker/ws/src/nturt_ros/gps_tracker/install/gps_tracker/lib/python3.10/site-packages/gps_tracker/__pycache__/gps_rec_with_csv.cpython-310.pyc
/home/docker/ws/src/nturt_ros/gps_tracker/install/gps_tracker/lib/python3.10/site-packages/gps_tracker/__pycache__/check_csv.cpython-310.pyc
/home/docker/ws/src/nturt_ros/gps_tracker/install/gps_tracker/lib/python3.10/site-packages/gps_tracker/__pycache__/gps_nmea_logger.cpython-310.pyc
/home/docker/ws/src/nturt_ros/gps_tracker/install/gps_tracker/lib/python3.10/site-packages/gps_tracker/__pycache__/checksum_utils.cpython-310.pyc
/home/docker/ws/src/nturt_ros/gps_tracker/install/gps_tracker/lib/python3.10/site-packages/gps_tracker/__pycache__/gps_animate.cpython-310.pyc
/home/docker/ws/src/nturt_ros/gps_tracker/install/gps_tracker/lib/python3.10/site-packages/gps_tracker/__pycache__/gps_can_rec.cpython-310.pyc
/home/docker/ws/src/nturt_ros/gps_tracker/install/gps_tracker/lib/python3.10/site-packages/gps_tracker/__pycache__/gps_google_map.cpython-310.pyc
/home/docker/ws/src/nturt_ros/gps_tracker/install/gps_tracker/lib/python3.10/site-packages/gps_tracker/__pycache__/gps_csv_logger.cpython-310.pyc
/home/docker/ws/src/nturt_ros/gps_tracker/install/gps_tracker/lib/python3.10/site-packages/gps_tracker/__pycache__/nmea_ntrip_driver.cpython-310.pyc
/home/docker/ws/src/nturt_ros/gps_tracker/install/gps_tracker/lib/python3.10/site-packages/gps_tracker/__pycache__/gps_animate_imd.cpython-310.pyc
/home/docker/ws/src/nturt_ros/gps_tracker/install/gps_tracker/lib/python3.10/site-packages/gps_tracker/__pycache__/gps_can_pub.cpython-310.pyc
/home/docker/ws/src/nturt_ros/gps_tracker/install/gps_tracker/lib/python3.10/site-packages/gps_tracker/__pycache__/gps_can_pub_Newest.cpython-310.pyc
/home/docker/ws/src/nturt_ros/gps_tracker/install/gps_tracker/lib/python3.10/site-packages/gps_tracker/__pycache__/gps_logger_node.cpython-310.pyc
/home/docker/ws/src/nturt_ros/gps_tracker/install/gps_tracker/lib/python3.10/site-packages/gps_tracker/__pycache__/timer_can_pub.cpython-310.pyc
/home/docker/ws/src/nturt_ros/gps_tracker/install/gps_tracker/lib/python3.10/site-packages/gps_tracker/__pycache__/gps_can_pub_newEncode.cpython-310.pyc
/home/docker/ws/src/nturt_ros/gps_tracker/install/gps_tracker/lib/python3.10/site-packages/gps_tracker/__pycache__/can_test_publisher.cpython-310.pyc
/home/docker/ws/src/nturt_ros/gps_tracker/install/gps_tracker/lib/python3.10/site-packages/gps_tracker/__pycache__/driver.cpython-310.pyc
/home/docker/ws/src/nturt_ros/gps_tracker/install/gps_tracker/lib/python3.10/site-packages/gps_tracker/__pycache__/parser.cpython-310.pyc
/home/docker/ws/src/nturt_ros/gps_tracker/install/gps_tracker/lib/python3.10/site-packages/gps_tracker/__pycache__/system_test_publisher.cpython-310.pyc
/home/docker/ws/src/nturt_ros/gps_tracker/install/gps_tracker/share/ament_index/resource_index/packages/gps_tracker
/home/docker/ws/src/nturt_ros/gps_tracker/install/gps_tracker/share/gps_tracker/package.xml
/home/docker/ws/src/nturt_ros/gps_tracker/install/gps_tracker/share/gps_tracker/launch/launch_main.py
/home/docker/ws/src/nturt_ros/gps_tracker/install/gps_tracker/share/gps_tracker/launch/launch_file.py
/home/docker/ws/src/nturt_ros/gps_tracker/install/gps_tracker/share/gps_tracker/launch/launch_csv_can.py
/home/docker/ws/src/nturt_ros/gps_tracker/install/gps_tracker/lib/python3.10/site-packages/gps_tracker-0.0.0-py3.10.egg-info/PKG-INFO
/home/docker/ws/src/nturt_ros/gps_tracker/install/gps_tracker/lib/python3.10/site-packages/gps_tracker-0.0.0-py3.10.egg-info/entry_points.txt
/home/docker/ws/src/nturt_ros/gps_tracker/install/gps_tracker/lib/python3.10/site-packages/gps_tracker-0.0.0-py3.10.egg-info/top_level.txt
/home/docker/ws/src/nturt_ros/gps_tracker/install/gps_tracker/lib/python3.10/site-packages/gps_tracker-0.0.0-py3.10.egg-info/requires.txt
/home/docker/ws/src/nturt_ros/gps_tracker/install/gps_tracker/lib/python3.10/site-packages/gps_tracker-0.0.0-py3.10.egg-info/zip-safe
/home/docker/ws/src/nturt_ros/gps_tracker/install/gps_tracker/lib/python3.10/site-packages/gps_tracker-0.0.0-py3.10.egg-info/dependency_links.txt
/home/docker/ws/src/nturt_ros/gps_tracker/install/gps_tracker/lib/python3.10/site-packages/gps_tracker-0.0.0-py3.10.egg-info/SOURCES.txt
/home/docker/ws/src/nturt_ros/gps_tracker/install/gps_tracker/lib/gps_tracker/can_test_pub
/home/docker/ws/src/nturt_ros/gps_tracker/install/gps_tracker/lib/gps_tracker/gps_animate
/home/docker/ws/src/nturt_ros/gps_tracker/install/gps_tracker/lib/gps_tracker/gps_animate_imd
/home/docker/ws/src/nturt_ros/gps_tracker/install/gps_tracker/lib/gps_tracker/gps_can_pub
/home/docker/ws/src/nturt_ros/gps_tracker/install/gps_tracker/lib/gps_tracker/gps_can_pub_newEncode
/home/docker/ws/src/nturt_ros/gps_tracker/install/gps_tracker/lib/gps_tracker/gps_can_rec
/home/docker/ws/src/nturt_ros/gps_tracker/install/gps_tracker/lib/gps_tracker/gps_csv_logger
/home/docker/ws/src/nturt_ros/gps_tracker/install/gps_tracker/lib/gps_tracker/gps_google_map
/home/docker/ws/src/nturt_ros/gps_tracker/install/gps_tracker/lib/gps_tracker/gps_logger
/home/docker/ws/src/nturt_ros/gps_tracker/install/gps_tracker/lib/gps_tracker/gps_test_pub
/home/docker/ws/src/nturt_ros/gps_tracker/install/gps_tracker/lib/gps_tracker/gps_visualizer
/home/docker/ws/src/nturt_ros/gps_tracker/install/gps_tracker/lib/gps_tracker/nmea_ntrip_driver
/home/docker/ws/src/nturt_ros/gps_tracker/install/gps_tracker/lib/gps_tracker/system_test_pub
/home/docker/ws/src/nturt_ros/gps_tracker/install/gps_tracker/lib/gps_tracker/timer_can_pub
